<?xml version="1.0" encoding="UTF-8"?>
<!-- Generated by org.testng.reporters.JUnitReportReporter -->
<testsuite hostname="LAPTOP-7QULN8I0" failures="0" tests="1" name="driverFactory.AppTest" time="1.270" errors="0" timestamp="2023-04-29T22:13:46 IST" skipped="0">
  <testcase classname="driverFactory.AppTest" name="kickStart" time="1.270"/>
  <system-out/>
</testsuite> <!-- driverFactory.AppTest -->
